loading tokenizer...
loading model...
[[1, 42, 12, 6, 1, 1, 1, 2, 1, 1], [1, 102, 24, 12, 3, 1, 3, 3, 1, 1], [1, 143, 35, 17, 3, 1, 3, 4, 1, 1]] [[1, 23, 4, 6, 3, 4, 7, 15, 1, 1], [1, 56, 16, 9, 3, 2, 21, 44, 1, 1], [1, 78, 19, 14, 5, 5, 27, 58, 1, 1]]
evaluting...
real_news:21, fake_news:17
1 4
real_news:30, fake_news:28
2 8
real_news:32, fake_news:28
3 9
real_news:59, fake_news:62
4 15
real_news:77, fake_news:66
5 18
real_news:98, fake_news:69
6 25
real_news:211, fake_news:75
7 40
real_news:250, fake_news:82
8 50
real_news:256, fake_news:85
9 53
real_news:307, fake_news:134
10 70
real_news:343, fake_news:164
11 76
real_news:369, fake_news:179
12 81
real_news:389, fake_news:195
13 88
real_news:397, fake_news:215
14 90
real_news:411, fake_news:236
15 95
real_news:459, fake_news:243
16 101
real_news:471, fake_news:243
17 104
real_news:477, fake_news:260
18 109
real_news:477, fake_news:265
19 110
real_news:498, fake_news:294
20 119
real_news:506, fake_news:323
21 123
real_news:511, fake_news:329
22 125
real_news:514, fake_news:340
23 127
real_news:538, fake_news:371
24 134
real_news:557, fake_news:382
25 139
real_news:593, fake_news:407
26 151
real_news:600, fake_news:410
27 153
real_news:651, fake_news:452
28 165
real_news:673, fake_news:461
29 169
real_news:753, fake_news:476
30 192
real_news:760, fake_news:478
31 194
real_news:764, fake_news:479
32 195
real_news:771, fake_news:483
33 197
real_news:778, fake_news:487
34 198
real_news:839, fake_news:575
35 223
real_news:843, fake_news:595
36 226
real_news:848, fake_news:613
37 228
real_news:854, fake_news:643
38 232
real_news:910, fake_news:681
39 243
real_news:921, fake_news:681
40 244
real_news:953, fake_news:687
41 249
real_news:1065, fake_news:715
42 274
real_news:1076, fake_news:733
43 282
real_news:1076, fake_news:736
44 283
real_news:1077, fake_news:746
45 285
real_news:1083, fake_news:771
46 290
real_news:1089, fake_news:794
47 293
real_news:1089, fake_news:802
48 294
real_news:1091, fake_news:811
49 295
real_news:1094, fake_news:820
50 296
real_news:1138, fake_news:867
51 310
real_news:1140, fake_news:871
52 311
real_news:1150, fake_news:901
53 317
real_news:1150, fake_news:913
54 319
real_news:1152, fake_news:917
55 320
real_news:1191, fake_news:950
56 333
real_news:1196, fake_news:968
57 337
real_news:1202, fake_news:974
58 339
real_news:1227, fake_news:984
59 347
real_news:1254, fake_news:999
60 354
real_news:1280, fake_news:1012
61 357
real_news:1286, fake_news:1030
62 364
real_news:1286, fake_news:1034
63 365
real_news:1286, fake_news:1038
64 366
real_news:1296, fake_news:1041
65 368
real_news:1354, fake_news:1049
66 375
real_news:1364, fake_news:1051
67 377
real_news:1371, fake_news:1054
68 379
real_news:1452, fake_news:1068
69 396
real_news:1485, fake_news:1069
70 402
real_news:1489, fake_news:1100
71 405
real_news:1513, fake_news:1111
72 410
real_news:1540, fake_news:1126
73 415
real_news:1550, fake_news:1135
74 418
real_news:1651, fake_news:1182
75 442
real_news:1658, fake_news:1182
76 444
real_news:1661, fake_news:1183
77 445
real_news:1674, fake_news:1185
78 448
real_news:1681, fake_news:1188
79 449
real_news:1684, fake_news:1189
80 450
real_news:1770, fake_news:1217
81 463
real_news:1772, fake_news:1225
82 464
real_news:1785, fake_news:1243
83 469
real_news:1791, fake_news:1249
84 472
real_news:1807, fake_news:1250
85 476
real_news:1938, fake_news:1259
86 491
real_news:1947, fake_news:1268
87 494
real_news:1950, fake_news:1270
88 495
real_news:1952, fake_news:1278
89 496
real_news:1958, fake_news:1300
90 499
real_news:1960, fake_news:1306
91 501
real_news:1964, fake_news:1322
92 503
real_news:1968, fake_news:1327
93 504
real_news:1977, fake_news:1346
94 506
real_news:2025, fake_news:1367
95 515
real_news:2046, fake_news:1375
96 521
real_news:2074, fake_news:1404
97 532
real_news:2084, fake_news:1408
98 534
real_news:2093, fake_news:1409
99 535
real_news:2106, fake_news:1412
100 538
real_news:2121, fake_news:1420
101 542
real_news:2137, fake_news:1425
102 545
real_news:2201, fake_news:1489
103 572
real_news:2204, fake_news:1500
104 574
real_news:2246, fake_news:1541
105 586
real_news:2319, fake_news:1574
106 601
real_news:2350, fake_news:1601
107 606
real_news:2363, fake_news:1615
108 609
real_news:2367, fake_news:1622
109 610
real_news:2368, fake_news:1622
110 611
real_news:2372, fake_news:1627
111 613
real_news:2397, fake_news:1664
112 626
real_news:2398, fake_news:1664
113 627
real_news:2471, fake_news:1736
114 641
real_news:2491, fake_news:1744
115 648
real_news:2503, fake_news:1749
116 650
real_news:2504, fake_news:1749
117 651
real_news:2591, fake_news:1802
118 671
real_news:2612, fake_news:1819
119 682
real_news:2618, fake_news:1821
120 684
real_news:2680, fake_news:1847
121 697
real_news:2684, fake_news:1855
122 699
real_news:2684, fake_news:1859
123 700
real_news:2753, fake_news:1894
124 714
real_news:2765, fake_news:1896
125 718
real_news:2769, fake_news:1899
126 719
real_news:2775, fake_news:1901
127 721
real_news:2862, fake_news:1931
128 734
real_news:2904, fake_news:1947
129 743
real_news:2912, fake_news:1948
130 745
real_news:2914, fake_news:1954
131 747
real_news:2925, fake_news:1978
132 752
real_news:2928, fake_news:1988
133 754
real_news:2930, fake_news:1993
134 757
real_news:2943, fake_news:2037
135 760
real_news:2951, fake_news:2045
136 762
real_news:2954, fake_news:2050
137 766
real_news:2962, fake_news:2067
138 770
real_news:3029, fake_news:2078
139 781
real_news:3037, fake_news:2080
140 783
real_news:3063, fake_news:2087
141 789
real_news:3097, fake_news:2089
142 797
real_news:3107, fake_news:2091
143 800
real_news:3116, fake_news:2091
144 803
real_news:3129, fake_news:2092
145 806
real_news:3152, fake_news:2099
146 811
real_news:3157, fake_news:2104
147 814
real_news:3161, fake_news:2104
148 815
real_news:3186, fake_news:2110
149 822
real_news:3222, fake_news:2111
150 827
real_news:3231, fake_news:2112
151 830
real_news:3238, fake_news:2112
152 831
real_news:3254, fake_news:2120
153 835
real_news:3263, fake_news:2125
154 836
real_news:3270, fake_news:2126
155 838
real_news:3275, fake_news:2126
156 839
real_news:3278, fake_news:2127
157 840
real_news:3280, fake_news:2128
158 841
real_news:3304, fake_news:2130
159 845
real_news:3309, fake_news:2130
160 846
real_news:3316, fake_news:2130
161 848
real_news:3330, fake_news:2133
162 853
real_news:3353, fake_news:2138
163 859
real_news:3384, fake_news:2141
164 866
real_news:3390, fake_news:2144
165 867
real_news:3415, fake_news:2166
166 875
real_news:3429, fake_news:2170
167 878
real_news:3432, fake_news:2171
168 880
real_news:3454, fake_news:2176
169 885
real_news:3468, fake_news:2180
170 890
real_news:3478, fake_news:2191
171 895
real_news:3488, fake_news:2197
172 897
real_news:3497, fake_news:2205
173 900
real_news:3499, fake_news:2217
174 902
real_news:3519, fake_news:2233
175 910
real_news:3545, fake_news:2264
176 917
real_news:3554, fake_news:2271
177 919
real_news:3595, fake_news:2290
178 929
real_news:3596, fake_news:2293
179 930
real_news:3600, fake_news:2316
180 934
real_news:3600, fake_news:2319
181 935
real_news:3630, fake_news:2331
182 943
real_news:3636, fake_news:2340
183 945
real_news:3636, fake_news:2341
184 946
real_news:3636, fake_news:2349
185 947
real_news:3638, fake_news:2361
186 948
real_news:3640, fake_news:2369
187 949
real_news:3647, fake_news:2414
188 957
real_news:3660, fake_news:2420
189 962
real_news:3666, fake_news:2420
190 964
real_news:3673, fake_news:2420
191 966
real_news:3687, fake_news:2428
192 969
real_news:3688, fake_news:2431
193 970
real_news:3705, fake_news:2447
194 976
real_news:3741, fake_news:2455
195 983
real_news:3784, fake_news:2461
196 992
real_news:3787, fake_news:2461
197 993
real_news:3816, fake_news:2478
198 1002
real_news:3818, fake_news:2479
199 1004
real_news:3893, fake_news:2511
200 1024
real_news:3916, fake_news:2512
201 1029
real_news:3931, fake_news:2516
202 1031
real_news:3964, fake_news:2520
203 1035
real_news:3969, fake_news:2521
204 1036
real_news:3987, fake_news:2542
205 1043
real_news:4022, fake_news:2583
206 1055
real_news:4101, fake_news:2608
207 1072
real_news:4105, fake_news:2608
208 1073
real_news:4125, fake_news:2608
209 1075
real_news:4142, fake_news:2646
210 1081
real_news:4239, fake_news:2690
211 1100
real_news:4267, fake_news:2693
212 1105
real_news:4293, fake_news:2695
213 1110
real_news:4307, fake_news:2704
214 1113
real_news:4321, fake_news:2714
215 1116
real_news:4323, fake_news:2716
216 1117
real_news:4324, fake_news:2719
217 1118
real_news:4335, fake_news:2725
218 1123
real_news:4338, fake_news:2727
219 1124
real_news:4345, fake_news:2738
220 1127
real_news:4360, fake_news:2781
221 1132
real_news:4371, fake_news:2822
222 1138
real_news:4374, fake_news:2834
223 1140
real_news:4392, fake_news:2839
224 1144
real_news:4405, fake_news:2839
225 1147
real_news:4430, fake_news:2845
226 1152
real_news:4448, fake_news:2847
227 1156
real_news:4495, fake_news:2861
228 1164
real_news:4515, fake_news:2886
229 1168
real_news:4519, fake_news:2907
230 1171
real_news:4520, fake_news:2916
231 1172
real_news:4520, fake_news:2918
232 1173
real_news:4521, fake_news:2923
233 1174
real_news:4523, fake_news:2924
234 1175
real_news:4528, fake_news:2951
235 1184
real_news:4536, fake_news:2963
236 1188
real_news:4539, fake_news:2964
237 1189
real_news:4544, fake_news:2967
238 1190
real_news:4548, fake_news:2967
239 1191
real_news:4620, fake_news:3028
240 1212
real_news:4634, fake_news:3031
241 1214
real_news:4641, fake_news:3031
242 1215
real_news:4654, fake_news:3063
243 1230
real_news:4693, fake_news:3128
244 1245
real_news:4707, fake_news:3146
245 1250
real_news:4838, fake_news:3190
246 1276
real_news:4853, fake_news:3192
247 1279
real_news:4869, fake_news:3200
248 1283
real_news:4928, fake_news:3241
249 1295
real_news:4955, fake_news:3246
250 1301
real_news:4959, fake_news:3246
251 1302
real_news:4962, fake_news:3246
252 1303
real_news:4965, fake_news:3246
253 1304
real_news:4975, fake_news:3247
254 1306
real_news:4983, fake_news:3248
255 1308
real_news:4990, fake_news:3248
256 1310
real_news:4999, fake_news:3256
257 1312
real_news:5028, fake_news:3288
258 1324
real_news:5030, fake_news:3290
259 1325
real_news:5058, fake_news:3299
260 1330
real_news:5101, fake_news:3301
261 1339
real_news:5108, fake_news:3302
262 1340
real_news:5151, fake_news:3361
263 1349
real_news:5152, fake_news:3363
264 1350
real_news:5158, fake_news:3374
265 1352
real_news:5163, fake_news:3391
266 1355
real_news:5174, fake_news:3405
267 1358
real_news:5195, fake_news:3413
268 1362
real_news:5236, fake_news:3418
269 1370
real_news:5253, fake_news:3435
270 1377
real_news:5284, fake_news:3468
271 1387
real_news:5291, fake_news:3469
272 1389
real_news:5305, fake_news:3471
273 1393
real_news:5308, fake_news:3471
274 1395
real_news:5321, fake_news:3477
275 1398
real_news:5334, fake_news:3481
276 1401
real_news:5357, fake_news:3489
277 1405
real_news:5363, fake_news:3490
278 1406
real_news:5379, fake_news:3496
279 1408
real_news:5384, fake_news:3497
280 1409
real_news:5394, fake_news:3518
281 1417
real_news:5406, fake_news:3543
282 1421
real_news:5465, fake_news:3569
283 1433
real_news:5468, fake_news:3569
284 1434
real_news:5513, fake_news:3589
285 1447
real_news:5514, fake_news:3593
286 1449
real_news:5529, fake_news:3608
287 1456
real_news:5600, fake_news:3671
288 1473
real_news:5601, fake_news:3672
289 1474
real_news:5613, fake_news:3673
290 1476
real_news:5616, fake_news:3674
291 1477
real_news:5637, fake_news:3683
292 1482
real_news:5667, fake_news:3703
293 1491
real_news:5694, fake_news:3706
294 1501
real_news:5703, fake_news:3721
295 1509
real_news:5744, fake_news:3733
296 1517
real_news:5746, fake_news:3739
297 1518
real_news:5750, fake_news:3745
298 1520
real_news:5751, fake_news:3751
299 1521
real_news:5756, fake_news:3774
300 1525
real_news:5757, fake_news:3775
301 1526
real_news:5783, fake_news:3841
302 1538
real_news:5785, fake_news:3842
303 1539
real_news:5799, fake_news:3845
304 1541
real_news:5825, fake_news:3845
305 1545
real_news:5870, fake_news:3915
306 1557
real_news:5886, fake_news:3933
307 1561
real_news:5886, fake_news:3936
308 1562
real_news:5888, fake_news:3940
309 1564
real_news:5908, fake_news:3956
310 1568
real_news:5921, fake_news:3959
311 1571
real_news:5924, fake_news:3962
312 1573
real_news:5926, fake_news:3964
313 1574
real_news:5932, fake_news:3964
314 1576
real_news:5938, fake_news:3966
315 1577
real_news:5954, fake_news:3968
316 1581
real_news:5959, fake_news:3974
317 1584
real_news:5959, fake_news:3991
318 1588
real_news:5972, fake_news:3999
319 1592
real_news:6012, fake_news:4001
320 1596
real_news:6046, fake_news:4008
321 1604
real_news:6093, fake_news:4047
322 1624
real_news:6156, fake_news:4090
323 1638
real_news:6162, fake_news:4101
324 1640
real_news:6165, fake_news:4104
325 1641
real_news:6169, fake_news:4104
326 1642
real_news:6186, fake_news:4106
327 1645
real_news:6189, fake_news:4106
328 1646
real_news:6201, fake_news:4106
329 1650
real_news:6243, fake_news:4169
330 1661
real_news:6246, fake_news:4209
331 1664
real_news:6246, fake_news:4221
332 1666
real_news:6321, fake_news:4250
333 1685
real_news:6330, fake_news:4252
334 1687
real_news:6335, fake_news:4252
335 1689
real_news:6344, fake_news:4264
336 1692
real_news:6351, fake_news:4274
337 1695
real_news:6351, fake_news:4277
338 1696
real_news:6371, fake_news:4364
339 1704
real_news:6379, fake_news:4388
340 1708
real_news:6382, fake_news:4390
341 1709
real_news:6452, fake_news:4456
342 1731
real_news:6489, fake_news:4512
343 1746
real_news:6490, fake_news:4519
344 1747
real_news:6499, fake_news:4530
345 1751
real_news:6507, fake_news:4541
346 1754
real_news:6559, fake_news:4588
347 1766
real_news:6584, fake_news:4588
348 1770
real_news:6605, fake_news:4588
349 1774
real_news:6670, fake_news:4620
350 1786
real_news:6700, fake_news:4644
351 1797
real_news:6703, fake_news:4651
352 1798
real_news:6703, fake_news:4653
353 1799
real_news:6718, fake_news:4662
354 1803
real_news:6752, fake_news:4667
355 1807
real_news:6761, fake_news:4671
356 1811
real_news:6769, fake_news:4671
357 1813
real_news:6776, fake_news:4672
358 1815
real_news:6797, fake_news:4682
359 1819
real_news:6802, fake_news:4683
360 1821
real_news:6819, fake_news:4689
361 1826
real_news:6828, fake_news:4690
362 1827
real_news:6860, fake_news:4705
363 1838
real_news:6860, fake_news:4710
364 1839
real_news:6893, fake_news:4729
365 1849
real_news:6957, fake_news:4768
366 1863
real_news:6957, fake_news:4769
367 1864
real_news:6968, fake_news:4776
368 1866
real_news:6995, fake_news:4795
369 1875
real_news:7006, fake_news:4804
370 1877
real_news:7062, fake_news:4828
371 1889
real_news:7065, fake_news:4835
372 1890
real_news:7069, fake_news:4849
373 1893
real_news:7076, fake_news:4878
374 1898
real_news:7084, fake_news:4893
375 1901
acc:  0.8034591194968553
Non_fact_auc_precision_recall:  0.8612936455585236
fact_auc_precision_recall:  0.5967834719659404
avg_sentence_search_time: 6.3081761006289305
pearson:  0.7942158028333809
Spearman:  0.7205434407740648
hypothesis_avg_search_time: 4.025418060200669
loading tokenizer...
loading tokenizer...
loading model...
[[1, 42, 12, 6, 1, 1, 1, 2, 1, 1], [1, 102, 24, 12, 3, 1, 3, 3, 1, 1], [1, 143, 35, 17, 3, 1, 3, 4, 1, 1]] [[1, 23, 4, 6, 3, 4, 7, 15, 1, 1], [1, 56, 16, 9, 3, 2, 21, 44, 1, 1], [1, 78, 19, 14, 5, 5, 27, 58, 1, 1]]
evaluting...
real_news:21, fake_news:17
1 4
real_news:30, fake_news:28
2 8
real_news:32, fake_news:28
3 9
real_news:59, fake_news:62
4 15
real_news:77, fake_news:66
5 18
real_news:98, fake_news:69
6 25
loading tokenizer...
loading model...
[[1, 42, 12, 6, 1, 1, 1, 2, 1, 1], [1, 102, 24, 12, 3, 1, 3, 3, 1, 1], [1, 143, 35, 17, 3, 1, 3, 4, 1, 1]] [[1, 23, 4, 6, 3, 4, 7, 15, 1, 1], [1, 56, 16, 9, 3, 2, 21, 44, 1, 1], [1, 78, 19, 14, 5, 5, 27, 58, 1, 1]]
evaluting...
real_news:21, fake_news:17
1 4
real_news:30, fake_news:28
2 8
real_news:32, fake_news:28
3 9
real_news:59, fake_news:62
4 15
real_news:77, fake_news:66
5 18
real_news:98, fake_news:69
6 25
real_news:211, fake_news:75
7 40
real_news:250, fake_news:82
8 50
real_news:256, fake_news:85
9 53
real_news:307, fake_news:134
10 70
real_news:343, fake_news:164
11 76
real_news:369, fake_news:179
12 81
real_news:389, fake_news:195
13 88
real_news:397, fake_news:215
14 90
real_news:411, fake_news:236
15 95
real_news:459, fake_news:243
16 101
real_news:471, fake_news:243
17 104
real_news:477, fake_news:260
18 109
real_news:477, fake_news:265
19 110
real_news:498, fake_news:294
20 119
real_news:506, fake_news:323
21 123
real_news:511, fake_news:329
22 125
real_news:514, fake_news:340
23 127
real_news:538, fake_news:371
24 134
real_news:557, fake_news:382
25 139
real_news:593, fake_news:407
26 151
real_news:600, fake_news:410
27 153
real_news:651, fake_news:452
28 165
real_news:673, fake_news:461
29 169
real_news:753, fake_news:476
30 192
real_news:760, fake_news:478
31 194
real_news:764, fake_news:479
32 195
real_news:771, fake_news:483
33 197
real_news:778, fake_news:487
34 198
real_news:839, fake_news:575
35 223
real_news:843, fake_news:595
36 226
real_news:848, fake_news:613
37 228
real_news:854, fake_news:643
38 232
real_news:910, fake_news:681
39 243
real_news:921, fake_news:681
40 244
real_news:953, fake_news:687
41 249
real_news:1065, fake_news:715
42 274
real_news:1076, fake_news:733
43 282
real_news:1076, fake_news:736
44 283
real_news:1077, fake_news:746
45 285
real_news:1083, fake_news:771
46 290
real_news:1089, fake_news:794
47 293
real_news:1089, fake_news:802
48 294
real_news:1091, fake_news:811
49 295
real_news:1094, fake_news:820
50 296
real_news:1138, fake_news:867
51 310
real_news:1140, fake_news:871
52 311
real_news:1150, fake_news:901
53 317
real_news:1150, fake_news:913
54 319
real_news:1152, fake_news:917
55 320
real_news:1191, fake_news:950
56 333
real_news:1196, fake_news:968
57 337
real_news:1202, fake_news:974
58 339
real_news:1227, fake_news:984
59 347
real_news:1254, fake_news:999
60 354
real_news:1280, fake_news:1012
61 357
real_news:1286, fake_news:1030
62 364
real_news:1286, fake_news:1034
63 365
real_news:1286, fake_news:1038
64 366
real_news:1296, fake_news:1041
65 368
real_news:1354, fake_news:1049
66 375
real_news:1364, fake_news:1051
67 377
real_news:1371, fake_news:1054
68 379
real_news:1452, fake_news:1068
69 396
real_news:1485, fake_news:1069
70 402
real_news:1489, fake_news:1100
71 405
real_news:1513, fake_news:1111
72 410
real_news:1540, fake_news:1126
73 415
real_news:1550, fake_news:1135
74 418
real_news:1651, fake_news:1182
75 442
real_news:1658, fake_news:1182
76 444
real_news:1661, fake_news:1183
77 445
real_news:1674, fake_news:1185
78 448
real_news:1681, fake_news:1188
79 449
real_news:1684, fake_news:1189
80 450
real_news:1770, fake_news:1217
81 463
real_news:1772, fake_news:1225
82 464
real_news:1785, fake_news:1243
83 469
real_news:1791, fake_news:1249
84 472
real_news:1807, fake_news:1250
85 476
real_news:1938, fake_news:1259
86 491
real_news:1947, fake_news:1268
87 494
real_news:1950, fake_news:1270
88 495
real_news:1952, fake_news:1278
89 496
real_news:1958, fake_news:1300
90 499
real_news:1960, fake_news:1306
91 501
real_news:1964, fake_news:1322
92 503
real_news:1968, fake_news:1327
93 504
real_news:1977, fake_news:1346
94 506
real_news:2025, fake_news:1367
95 515
real_news:2046, fake_news:1375
96 521
real_news:2074, fake_news:1404
97 532
real_news:2084, fake_news:1408
98 534
real_news:2093, fake_news:1409
99 535
real_news:2106, fake_news:1412
100 538
real_news:2121, fake_news:1420
101 542
real_news:2137, fake_news:1425
102 545
real_news:2201, fake_news:1489
103 572
real_news:2204, fake_news:1500
104 574
real_news:2246, fake_news:1541
105 586
real_news:2319, fake_news:1574
106 601
real_news:2350, fake_news:1601
107 606
real_news:2363, fake_news:1615
108 609
real_news:2367, fake_news:1622
109 610
real_news:2368, fake_news:1622
110 611
real_news:2372, fake_news:1627
111 613
real_news:2397, fake_news:1664
112 626
real_news:2398, fake_news:1664
113 627
real_news:2471, fake_news:1736
114 641
real_news:2491, fake_news:1744
115 648
real_news:2503, fake_news:1749
116 650
real_news:2504, fake_news:1749
117 651
real_news:2591, fake_news:1802
118 671
real_news:2612, fake_news:1819
119 682
real_news:2618, fake_news:1821
120 684
real_news:2680, fake_news:1847
121 697
real_news:2684, fake_news:1855
122 699
real_news:2684, fake_news:1859
123 700
real_news:2753, fake_news:1894
124 714
real_news:2765, fake_news:1896
125 718
real_news:2769, fake_news:1899
126 719
real_news:2775, fake_news:1901
127 721
real_news:2862, fake_news:1931
128 734
real_news:2904, fake_news:1947
129 743
real_news:2912, fake_news:1948
130 745
real_news:2914, fake_news:1954
131 747
real_news:2925, fake_news:1978
132 752
real_news:2928, fake_news:1988
133 754
real_news:2930, fake_news:1993
134 757
real_news:2943, fake_news:2037
135 760
real_news:2951, fake_news:2045
136 762
real_news:2954, fake_news:2050
137 766
real_news:2962, fake_news:2067
138 770
real_news:3029, fake_news:2078
139 781
real_news:3037, fake_news:2080
140 783
real_news:3063, fake_news:2087
141 789
real_news:3097, fake_news:2089
142 797
real_news:3107, fake_news:2091
143 800
real_news:3116, fake_news:2091
144 803
real_news:3129, fake_news:2092
145 806
acc:  0.8212083847102343
Non_fact_auc_precision_recall:  0.8540364598623481
fact_auc_precision_recall:  0.582733076224213
avg_sentence_search_time: 6.469790382244143
pearson:  0.8102087573353454
Spearman:  0.7062156273066607
hypothesis_avg_search_time: 4.058004640371229
loading tokenizer...
loading model...
[[1, 42, 12, 6, 1, 1, 1, 2, 1, 1], [1, 102, 24, 12, 3, 1, 3, 3, 1, 1], [1, 143, 35, 17, 3, 1, 3, 4, 1, 1]] [[1, 23, 4, 6, 3, 4, 7, 15, 1, 1], [1, 56, 16, 9, 3, 2, 21, 44, 1, 1], [1, 78, 19, 14, 5, 5, 27, 58, 1, 1]]
evaluting...
real_news:21, fake_news:17
1 4
real_news:30, fake_news:28
2 8
real_news:32, fake_news:28
3 9
real_news:59, fake_news:62
4 15
real_news:77, fake_news:66
5 18
real_news:98, fake_news:69
6 25
real_news:211, fake_news:75
7 40
real_news:250, fake_news:82
8 50
real_news:256, fake_news:85
9 53
real_news:307, fake_news:134
10 70
real_news:343, fake_news:164
11 76
real_news:369, fake_news:179
12 81
real_news:389, fake_news:195
13 88
real_news:397, fake_news:215
14 90
real_news:411, fake_news:236
15 95
real_news:459, fake_news:243
16 101
real_news:471, fake_news:243
17 104
real_news:477, fake_news:260
18 109
real_news:477, fake_news:265
19 110
real_news:498, fake_news:294
20 119
real_news:506, fake_news:323
21 123
real_news:511, fake_news:329
22 125
real_news:514, fake_news:340
23 127
real_news:538, fake_news:371
24 134
real_news:557, fake_news:382
25 139
real_news:593, fake_news:407
26 151
real_news:600, fake_news:410
27 153
real_news:651, fake_news:452
28 165
real_news:673, fake_news:461
29 169
real_news:753, fake_news:476
30 192
real_news:760, fake_news:478
31 194
real_news:764, fake_news:479
32 195
real_news:771, fake_news:483
33 197
real_news:778, fake_news:487
34 198
real_news:839, fake_news:575
35 223
real_news:843, fake_news:595
36 226
real_news:848, fake_news:613
37 228
real_news:854, fake_news:643
38 232
real_news:910, fake_news:681
39 243
real_news:921, fake_news:681
40 244
real_news:953, fake_news:687
41 249
real_news:1065, fake_news:715
42 274
real_news:1076, fake_news:733
43 282
real_news:1076, fake_news:736
44 283
real_news:1077, fake_news:746
45 285
real_news:1083, fake_news:771
46 290
real_news:1089, fake_news:794
47 293
real_news:1089, fake_news:802
48 294
real_news:1091, fake_news:811
49 295
real_news:1094, fake_news:820
50 296
real_news:1138, fake_news:867
51 310
real_news:1140, fake_news:871
52 311
real_news:1150, fake_news:901
53 317
real_news:1150, fake_news:913
54 319
real_news:1152, fake_news:917
55 320
real_news:1191, fake_news:950
56 333
real_news:1196, fake_news:968
57 337
real_news:1202, fake_news:974
58 339
real_news:1227, fake_news:984
59 347
real_news:1254, fake_news:999
60 354
real_news:1280, fake_news:1012
61 357
real_news:1286, fake_news:1030
62 364
real_news:1286, fake_news:1034
63 365
real_news:1286, fake_news:1038
64 366
real_news:1296, fake_news:1041
65 368
real_news:1354, fake_news:1049
66 375
real_news:1364, fake_news:1051
67 377
real_news:1371, fake_news:1054
68 379
real_news:1452, fake_news:1068
69 396
real_news:1485, fake_news:1069
70 402
real_news:1489, fake_news:1100
71 405
real_news:1513, fake_news:1111
72 410
real_news:1540, fake_news:1126
73 415
real_news:1550, fake_news:1135
74 418
real_news:1651, fake_news:1182
75 442
real_news:1658, fake_news:1182
76 444
real_news:1661, fake_news:1183
77 445
real_news:1674, fake_news:1185
78 448
real_news:1681, fake_news:1188
79 449
real_news:1684, fake_news:1189
80 450
real_news:1770, fake_news:1217
81 463
real_news:1772, fake_news:1225
82 464
real_news:1785, fake_news:1243
83 469
real_news:1791, fake_news:1249
84 472
real_news:1807, fake_news:1250
85 476
real_news:1938, fake_news:1259
86 491
real_news:1947, fake_news:1268
87 494
real_news:1950, fake_news:1270
88 495
real_news:1952, fake_news:1278
89 496
real_news:1958, fake_news:1300
90 499
real_news:1960, fake_news:1306
91 501
real_news:1964, fake_news:1322
92 503
real_news:1968, fake_news:1327
93 504
real_news:1977, fake_news:1346
94 506
real_news:2025, fake_news:1367
95 515
real_news:2046, fake_news:1375
96 521
real_news:2074, fake_news:1404
97 532
real_news:2084, fake_news:1408
98 534
real_news:2093, fake_news:1409
99 535
real_news:2106, fake_news:1412
100 538
real_news:2121, fake_news:1420
101 542
real_news:2137, fake_news:1425
102 545
real_news:2201, fake_news:1489
103 572
real_news:2204, fake_news:1500
104 574
real_news:2246, fake_news:1541
105 586
real_news:2319, fake_news:1574
106 601
real_news:2350, fake_news:1601
107 606
real_news:2363, fake_news:1615
108 609
real_news:2367, fake_news:1622
109 610
real_news:2368, fake_news:1622
110 611
real_news:2372, fake_news:1627
111 613
real_news:2397, fake_news:1664
112 626
real_news:2398, fake_news:1664
113 627
real_news:2471, fake_news:1736
114 641
real_news:2491, fake_news:1744
115 648
real_news:2503, fake_news:1749
116 650
real_news:2504, fake_news:1749
117 651
real_news:2591, fake_news:1802
118 671
real_news:2612, fake_news:1819
119 682
real_news:2618, fake_news:1821
120 684
real_news:2680, fake_news:1847
121 697
real_news:2684, fake_news:1855
122 699
real_news:2684, fake_news:1859
123 700
real_news:2753, fake_news:1894
124 714
real_news:2765, fake_news:1896
125 718
real_news:2769, fake_news:1899
126 719
real_news:2775, fake_news:1901
127 721
real_news:2862, fake_news:1931
128 734
real_news:2904, fake_news:1947
129 743
real_news:2912, fake_news:1948
130 745
real_news:2914, fake_news:1954
131 747
real_news:2925, fake_news:1978
132 752
real_news:2928, fake_news:1988
133 754
real_news:2930, fake_news:1993
134 757
real_news:2943, fake_news:2037
135 760
real_news:2951, fake_news:2045
136 762
real_news:2954, fake_news:2050
137 766
real_news:2962, fake_news:2067
138 770
real_news:3029, fake_news:2078
139 781
real_news:3037, fake_news:2080
140 783
real_news:3063, fake_news:2087
141 789
real_news:3097, fake_news:2089
142 797
real_news:3107, fake_news:2091
143 800
real_news:3116, fake_news:2091
144 803
real_news:3129, fake_news:2092
145 806
acc:  0.8212083847102343
Non_fact_auc_precision_recall:  0.8540364598623481
fact_auc_precision_recall:  0.582733076224213
avg_sentence_search_time: 6.469790382244143
pearson:  0.8102087573353454
Spearman:  0.7062156273066607
hypothesis_avg_search_time: 4.058004640371229
loading tokenizer...
loading model...
[[1, 42, 12, 6, 1, 1, 1, 2, 1, 1], [1, 102, 24, 12, 3, 1, 3, 3, 1, 1], [1, 143, 35, 17, 3, 1, 3, 4, 1, 1]] [[1, 23, 4, 6, 3, 4, 7, 15, 1, 1], [1, 56, 16, 9, 3, 2, 21, 44, 1, 1], [1, 78, 19, 14, 5, 5, 27, 58, 1, 1]]
evaluting...
real_news:21, fake_news:17
1 4
real_news:30, fake_news:28
2 8
real_news:32, fake_news:28
3 9
real_news:59, fake_news:62
4 15
real_news:77, fake_news:66
5 18
real_news:98, fake_news:69
6 25
loading tokenizer...
loading model...
Namespace(model_name='MoritzLaurer/DeBERTa-v3-large-mnli-fever-anli-ling-wanli', classify=True, classifier='fake_news_classifier.joblib', tokenizer_name=None, test_file_path='dataset/selfcheckgpt/dataset.json', webpage_file_path='dataset/webpage', decomposed_file_path='dataset/decomposed', NBC_file_path='dataset/NBC', use_slow_tokenizer=False, C_M=28, C_FA=96, C_Retrieve=1, P_0=0.5, segment_length=400, overlap_length=100)
True
[[1, 42, 12, 6, 1, 1, 1, 2, 1, 1], [1, 102, 24, 12, 3, 1, 3, 3, 1, 1], [1, 143, 35, 17, 3, 1, 3, 4, 1, 1]] [[1, 23, 4, 6, 3, 4, 7, 15, 1, 1], [1, 56, 16, 9, 3, 2, 21, 44, 1, 1], [1, 78, 19, 14, 5, 5, 27, 58, 1, 1]]
evaluting...
real_news:21, fake_news:17
1 4
loading tokenizer...
loading model...
[1, 143, 35, 17, 3, 1, 3, 4, 1, 1] [1, 78, 19, 14, 5, 5, 27, 58, 1, 1]
evaluting...
